<?xml version="1.0" encoding="UTF-8"?>
<!-- Generated by org.testng.reporters.JUnitReportReporter -->
<testsuite hostname="Desktop-Monitor-1st-Floor-Room3" failures="0" tests="1" name="runner.RunnerClass" time="7.816" errors="0" timestamp="2024-12-17T15:13:41 IST" skipped="0">
  <testcase classname="runner.RunnerClass" name="runScenario" time="7.816"/>
  <system-out/>
</testsuite> <!-- runner.RunnerClass -->
