<?xml version="1.0" encoding="UTF-8"?>
<!-- Generated by org.testng.reporters.JUnitReportReporter -->
<testsuite hostname="Desktop-Monitor-1st-Floor-Room3" failures="0" tests="1" name="runner.Runner" time="6.314" errors="0" timestamp="2024-12-06T15:57:03 IST" skipped="0">
  <testcase classname="runner.Runner" name="runScenario" time="6.314"/>
  <system-out/>
</testsuite> <!-- runner.Runner -->
