<?xml version="1.0" encoding="UTF-8"?>
<!-- Generated by org.testng.reporters.JUnitReportReporter -->
<testsuite hostname="Desktop-Monitor-1st-Floor-Room3" failures="0" tests="3" name="runner.RunnerClass" time="13.232" errors="0" timestamp="2024-12-16T15:38:36 IST" skipped="0">
  <testcase classname="runner.RunnerClass" name="runScenario" time="4.434"/>
  <system-out/>
  <testcase classname="runner.RunnerClass" name="runScenario" time="4.106"/>
  <system-out/>
  <testcase classname="runner.RunnerClass" name="runScenario" time="4.692"/>
  <system-out/>
</testsuite> <!-- runner.RunnerClass -->
