<?xml version="1.0" encoding="UTF-8"?>
<!-- Generated by org.testng.reporters.JUnitReportReporter -->
<testsuite hostname="DESKTOP-4RM8KQM" failures="0" tests="1" name="runner.RunnerClass" time="9.774" errors="0" timestamp="2024-12-19T13:30:59 IST" skipped="0">
  <testcase classname="runner.RunnerClass" name="runScenario" time="9.774"/>
  <system-out/>
</testsuite> <!-- runner.RunnerClass -->
