<?xml version="1.0" encoding="UTF-8"?>
<!-- Generated by org.testng.reporters.JUnitReportReporter -->
<testsuite hostname="DESKTOP-4RM8KQM" failures="0" tests="1" name="runner2.Runner" time="0.133" errors="0" timestamp="2024-12-13T14:48:23 IST" skipped="0">
  <testcase classname="runner2.Runner" name="runScenario" time="0.133"/>
</testsuite> <!-- runner2.Runner -->
